2019-02-23 16:35:14
<xml><ToUserName><![CDATA[gh_f0739a4a4260]]></ToUserName>
<FromUserName><![CDATA[oPjeB1myNE2iCFZ6TxFEc4WbVlzc]]></FromUserName>
<CreateTime>1550910714</CreateTime>
<MsgType><![CDATA[text]]></MsgType>
<Content><![CDATA[在么]]></Content>
<MsgId>22203702269895205</MsgId>
</xml>

<<<<<<<2019-02-23 16:36:58
<xml><ToUserName><![CDATA[gh_f0739a4a4260]]></ToUserName>
<FromUserName><![CDATA[oPjeB1myNE2iCFZ6TxFEc4WbVlzc]]></FromUserName>
<CreateTime>1550910714</CreateTime>
<MsgType><![CDATA[text]]></MsgType>
<Content><![CDATA[在么]]></Content>
<MsgId>22203702269895205</MsgId>
</xml>

<<<<<<<2019-02-23 16:38:06
<xml><ToUserName><![CDATA[gh_f0739a4a4260]]></ToUserName>
<FromUserName><![CDATA[oPjeB1myNE2iCFZ6TxFEc4WbVlzc]]></FromUserName>
<CreateTime>1550910714</CreateTime>
<MsgType><![CDATA[text]]></MsgType>
<Content><![CDATA[在么]]></Content>
<MsgId>22203702269895205</MsgId>
</xml>

<<<<<<<2019-02-23 16:39:45
<xml><ToUserName><![CDATA[gh_f0739a4a4260]]></ToUserName>
<FromUserName><![CDATA[oPjeB1myNE2iCFZ6TxFEc4WbVlzc]]></FromUserName>
<CreateTime>1550910714</CreateTime>
<MsgType><![CDATA[text]]></MsgType>
<Content><![CDATA[在么]]></Content>
<MsgId>22203702269895205</MsgId>
</xml>

<<<<<<<2019-02-23 16:41:08
<xml><ToUserName><![CDATA[gh_f0739a4a4260]]></ToUserName>
<FromUserName><![CDATA[oPjeB1myNE2iCFZ6TxFEc4WbVlzc]]></FromUserName>
<CreateTime>1550910714</CreateTime>
<MsgType><![CDATA[text]]></MsgType>
<Content><![CDATA[在么]]></Content>
<MsgId>22203702269895205</MsgId>
</xml>

<<<<<<<2019-02-23 16:42:34
<xml><ToUserName><![CDATA[gh_f0739a4a4260]]></ToUserName>
<FromUserName><![CDATA[oPjeB1myNE2iCFZ6TxFEc4WbVlzc]]></FromUserName>
<CreateTime>1550910714</CreateTime>
<MsgType><![CDATA[text]]></MsgType>
<Content><![CDATA[在么]]></Content>
<MsgId>22203702269895205</MsgId>
</xml>

<<<<<<<2019-02-23 16:55:03
<xml><ToUserName><![CDATA[gh_f0739a4a4260]]></ToUserName>
<FromUserName><![CDATA[oPjeB1myNE2iCFZ6TxFEc4WbVlzc]]></FromUserName>
<CreateTime>1550910714</CreateTime>
<MsgType><![CDATA[text]]></MsgType>
<Content><![CDATA[嘿嘿]]></Content>
<MsgId>22203702269895205</MsgId>
</xml>

<<<<<<<